<?xml version="1.0" encoding="UTF-8"?>
<testsuite xmlns:xsi="http://www.w3.org/2001/XMLSchema-instance" xsi:noNamespaceSchemaLocation="https://maven.apache.org/surefire/maven-surefire-plugin/xsd/surefire-test-report-3.0.xsd" version="3.0" name="org.apache.commons.lang3.time.DateUtilsTest" time="0.114" tests="1" errors="0" skipped="0" failures="0">
  <properties>
    <property name="java.specification.version" value="13"/>
    <property name="sun.jnu.encoding" value="UTF-8"/>
    <property name="java.class.path" value="/Users/moritaissei/.m2/repository/org/apache/maven/surefire/surefire-booter/3.0.0-M5/surefire-booter-3.0.0-M5.jar:/Users/moritaissei/.m2/repository/org/apache/maven/surefire/surefire-api/3.0.0-M5/surefire-api-3.0.0-M5.jar:/Users/moritaissei/.m2/repository/org/apache/maven/surefire/surefire-logger-api/3.0.0-M5/surefire-logger-api-3.0.0-M5.jar:/Users/moritaissei/.m2/repository/org/apache/maven/surefire/surefire-shared-utils/3.0.0-M4/surefire-shared-utils-3.0.0-M4.jar:/Users/moritaissei/.m2/repository/org/apache/maven/surefire/surefire-extensions-spi/3.0.0-M5/surefire-extensions-spi-3.0.0-M5.jar:/Users/moritaissei/Desktop/Kashiwa_TestEffortEstimation/repos/main/commons-lang/target/test-classes:/Users/moritaissei/Desktop/Kashiwa_TestEffortEstimation/repos/main/commons-lang/target/classes:/Users/moritaissei/.m2/repository/junit/junit/4.11/junit-4.11.jar:/Users/moritaissei/.m2/repository/org/hamcrest/hamcrest-core/1.3/hamcrest-core-1.3.jar:/Users/moritaissei/.m2/repository/commons-io/commons-io/2.4/commons-io-2.4.jar:/Users/moritaissei/.m2/repository/org/easymock/easymock/3.2/easymock-3.2.jar:/Users/moritaissei/.m2/repository/cglib/cglib-nodep/2.2.2/cglib-nodep-2.2.2.jar:/Users/moritaissei/.m2/repository/org/objenesis/objenesis/1.3/objenesis-1.3.jar:/Users/moritaissei/.m2/repository/org/apache/maven/surefire/surefire-junit4/3.0.0-M5/surefire-junit4-3.0.0-M5.jar:/Users/moritaissei/.m2/repository/org/apache/maven/surefire/common-java5/3.0.0-M5/common-java5-3.0.0-M5.jar:/Users/moritaissei/.m2/repository/org/apache/maven/surefire/common-junit3/3.0.0-M5/common-junit3-3.0.0-M5.jar:/Users/moritaissei/.m2/repository/org/apache/maven/surefire/common-junit4/3.0.0-M5/common-junit4-3.0.0-M5.jar"/>
    <property name="java.vm.vendor" value="Azul Systems, Inc."/>
    <property name="sun.arch.data.model" value="64"/>
    <property name="java.vendor.url" value="http://www.azul.com/"/>
    <property name="os.name" value="Mac OS X"/>
    <property name="java.vm.specification.version" value="13"/>
    <property name="sun.java.launcher" value="SUN_STANDARD"/>
    <property name="user.country" value="JP"/>
    <property name="sun.boot.library.path" value="/Users/moritaissei/Library/Java/JavaVirtualMachines/azul-13.0.10/Contents/Home/lib"/>
    <property name="sun.java.command" value="org.apache.maven.surefire.booter.ForkedBooter /Users/moritaissei/Desktop/Kashiwa_TestEffortEstimation/repos/main/commons-lang/target/surefire 2022-06-18T16-27-21_398-jvmRun1 surefire6963791555263178130tmp surefire_02457776566274103769tmp"/>
    <property name="http.nonProxyHosts" value="local|*.local|169.254/16|*.169.254/16"/>
    <property name="jdk.debug" value="release"/>
    <property name="surefire.test.class.path" value="/Users/moritaissei/Desktop/Kashiwa_TestEffortEstimation/repos/main/commons-lang/target/test-classes:/Users/moritaissei/Desktop/Kashiwa_TestEffortEstimation/repos/main/commons-lang/target/classes:/Users/moritaissei/.m2/repository/junit/junit/4.11/junit-4.11.jar:/Users/moritaissei/.m2/repository/org/hamcrest/hamcrest-core/1.3/hamcrest-core-1.3.jar:/Users/moritaissei/.m2/repository/commons-io/commons-io/2.4/commons-io-2.4.jar:/Users/moritaissei/.m2/repository/org/easymock/easymock/3.2/easymock-3.2.jar:/Users/moritaissei/.m2/repository/cglib/cglib-nodep/2.2.2/cglib-nodep-2.2.2.jar:/Users/moritaissei/.m2/repository/org/objenesis/objenesis/1.3/objenesis-1.3.jar:"/>
    <property name="sun.cpu.endian" value="little"/>
    <property name="user.home" value="/Users/moritaissei"/>
    <property name="user.language" value="ja"/>
    <property name="java.specification.vendor" value="Oracle Corporation"/>
    <property name="java.version.date" value="2022-01-18"/>
    <property name="java.home" value="/Users/moritaissei/Library/Java/JavaVirtualMachines/azul-13.0.10/Contents/Home"/>
    <property name="file.separator" value="/"/>
    <property name="basedir" value="/Users/moritaissei/Desktop/Kashiwa_TestEffortEstimation/repos/main/commons-lang"/>
    <property name="java.vm.compressedOopsMode" value="Zero based"/>
    <property name="line.separator" value="&#10;"/>
    <property name="java.specification.name" value="Java Platform API Specification"/>
    <property name="jdk.vendor.version" value="Zulu13.46+15-CA"/>
    <property name="java.vm.specification.vendor" value="Oracle Corporation"/>
    <property name="sun.management.compiler" value="HotSpot 64-Bit Tiered Compilers"/>
    <property name="ftp.nonProxyHosts" value="local|*.local|169.254/16|*.169.254/16"/>
    <property name="java.runtime.version" value="13.0.10+5-MTS"/>
    <property name="user.name" value="moritaissei"/>
    <property name="path.separator" value=":"/>
    <property name="os.version" value="12.3"/>
    <property name="java.runtime.name" value="OpenJDK Runtime Environment"/>
    <property name="file.encoding" value="UTF-8"/>
    <property name="java.vm.name" value="OpenJDK 64-Bit Server VM"/>
    <property name="java.vendor.version" value="Zulu13.46+15-CA"/>
    <property name="localRepository" value="/Users/moritaissei/.m2/repository"/>
    <property name="java.vendor.url.bug" value="http://www.azul.com/support/"/>
    <property name="java.io.tmpdir" value="/var/folders/4q/d_2dpncj4msg73rjs71vvz880000gn/T/"/>
    <property name="java.version" value="13.0.10"/>
    <property name="user.dir" value="/Users/moritaissei/Desktop/Kashiwa_TestEffortEstimation/repos/main/commons-lang"/>
    <property name="os.arch" value="x86_64"/>
    <property name="java.vm.specification.name" value="Java Virtual Machine Specification"/>
    <property name="java.library.path" value="/Users/moritaissei/Library/Java/Extensions:/Library/Java/Extensions:/Network/Library/Java/Extensions:/System/Library/Java/Extensions:/usr/lib/java:."/>
    <property name="java.vm.info" value="mixed mode, sharing"/>
    <property name="java.vendor" value="Azul Systems, Inc."/>
    <property name="java.vm.version" value="13.0.10+5-MTS"/>
    <property name="sun.io.unicode.encoding" value="UnicodeBig"/>
    <property name="socksNonProxyHosts" value="local|*.local|169.254/16|*.169.254/16"/>
    <property name="java.class.version" value="57.0"/>
  </properties>
  <testcase name="testLANG799_EN_OK" classname="org.apache.commons.lang3.time.DateUtilsTest" time="0.038">
    <system-out><![CDATA[DateUtilsTest: Default Locale=ja_JP
]]></system-out>
  </testcase>
</testsuite>